::1 - - [15/Apr/2022:05:18:13 +0000] "OPTIONS /api/v1/users/login HTTP/1.1" 401 123 "http://localhost:3000/" "Mozilla/5.0 (Windows NT 10.0; Win64; x64) AppleWebKit/537.36 (KHTML, like Gecko) Chrome/100.0.4896.88 Safari/537.36"
::1 - - [15/Apr/2022:05:38:00 +0000] "GET /api/v1/books HTTP/1.1" 200 4103 "-" "Mozilla/5.0 (Windows NT 10.0; Win64; x64) AppleWebKit/537.36 (KHTML, like Gecko) Chrome/100.0.4896.88 Safari/537.36"
::1 - - [15/Apr/2022:05:38:00 +0000] "GET /favicon.ico HTTP/1.1" 404 150 "http://localhost:4000/api/v1/books" "Mozilla/5.0 (Windows NT 10.0; Win64; x64) AppleWebKit/537.36 (KHTML, like Gecko) Chrome/100.0.4896.88 Safari/537.36"
::1 - - [15/Apr/2022:05:38:19 +0000] "GET /api/v1/books?limit=20 HTTP/1.1" 200 7905 "-" "PostmanRuntime/7.28.4"
::1 - - [15/Apr/2022:05:53:37 +0000] "GET /api/v1/users HTTP/1.1" 401 123 "-" "PostmanRuntime/7.28.4"
::1 - - [15/Apr/2022:05:53:43 +0000] "POST /api/v1/users/login HTTP/1.1" 200 569 "-" "PostmanRuntime/7.28.4"
::1 - - [15/Apr/2022:05:53:55 +0000] "OPTIONS /api/v1/users/login HTTP/1.1" 401 123 "http://localhost:3000/" "Mozilla/5.0 (Windows NT 10.0; Win64; x64) AppleWebKit/537.36 (KHTML, like Gecko) Chrome/100.0.4896.88 Safari/537.36"
::1 - - [15/Apr/2022:05:54:11 +0000] "OPTIONS /api/v1/users/login HTTP/1.1" 401 123 "http://localhost:3000/" "Mozilla/5.0 (Windows NT 10.0; Win64; x64) AppleWebKit/537.36 (KHTML, like Gecko) Chrome/100.0.4896.88 Safari/537.36"
::1 - - [15/Apr/2022:05:54:24 +0000] "OPTIONS /api/v1/users/login HTTP/1.1" 401 123 "http://localhost:3000/" "Mozilla/5.0 (Windows NT 10.0; Win64; x64) AppleWebKit/537.36 (KHTML, like Gecko) Chrome/100.0.4896.88 Safari/537.36"
::1 - - [15/Apr/2022:06:09:44 +0000] "POST /api/v1/users/login HTTP/1.1" 200 569 "http://localhost:3000/" "Mozilla/5.0 (Windows NT 10.0; Win64; x64) AppleWebKit/537.36 (KHTML, like Gecko) Chrome/100.0.4896.88 Safari/537.36"
::1 - - [15/Apr/2022:06:09:44 +0000] "GET /api/v1/books?limit=40 HTTP/1.1" 200 7905 "http://localhost:3000/" "Mozilla/5.0 (Windows NT 10.0; Win64; x64) AppleWebKit/537.36 (KHTML, like Gecko) Chrome/100.0.4896.88 Safari/537.36"
::1 - - [15/Apr/2022:06:10:29 +0000] "GET /api/v1/books?limit=40 HTTP/1.1" 304 - "http://localhost:3000/" "Mozilla/5.0 (Windows NT 10.0; Win64; x64) AppleWebKit/537.36 (KHTML, like Gecko) Chrome/100.0.4896.88 Safari/537.36"
::1 - - [15/Apr/2022:06:10:48 +0000] "POST /api/v1/users/login HTTP/1.1" 200 569 "http://localhost:3000/" "Mozilla/5.0 (Windows NT 10.0; Win64; x64) AppleWebKit/537.36 (KHTML, like Gecko) Chrome/100.0.4896.88 Safari/537.36"
::1 - - [15/Apr/2022:06:10:48 +0000] "GET /api/v1/books?limit=40 HTTP/1.1" 304 - "http://localhost:3000/" "Mozilla/5.0 (Windows NT 10.0; Win64; x64) AppleWebKit/537.36 (KHTML, like Gecko) Chrome/100.0.4896.88 Safari/537.36"
::1 - - [15/Apr/2022:06:10:53 +0000] "GET /api/v1/books/6229bc65855f9d7d045c8fce HTTP/1.1" 200 872 "http://localhost:3000/" "Mozilla/5.0 (Windows NT 10.0; Win64; x64) AppleWebKit/537.36 (KHTML, like Gecko) Chrome/100.0.4896.88 Safari/537.36"
::1 - - [15/Apr/2022:06:10:58 +0000] "GET /api/v1/books?limit=40 HTTP/1.1" 304 - "http://localhost:3000/" "Mozilla/5.0 (Windows NT 10.0; Win64; x64) AppleWebKit/537.36 (KHTML, like Gecko) Chrome/100.0.4896.88 Safari/537.36"
::1 - - [15/Apr/2022:06:10:59 +0000] "GET /api/v1/books/6229bc65855f9d7d045c8fd1 HTTP/1.1" 200 822 "http://localhost:3000/" "Mozilla/5.0 (Windows NT 10.0; Win64; x64) AppleWebKit/537.36 (KHTML, like Gecko) Chrome/100.0.4896.88 Safari/537.36"
::1 - - [15/Apr/2022:06:48:20 +0000] "GET /api/v1/books?limit=20 HTTP/1.1" 200 7905 "-" "PostmanRuntime/7.28.4"
::1 - - [15/Apr/2022:06:54:04 +0000] "GET /api/v1/books?limit=20 HTTP/1.1" 200 7905 "-" "PostmanRuntime/7.28.4"
::1 - - [15/Apr/2022:07:03:01 +0000] "POST /api/v1/users/login HTTP/1.1" 200 569 "http://localhost:3000/" "Mozilla/5.0 (Windows NT 10.0; Win64; x64) AppleWebKit/537.36 (KHTML, like Gecko) Chrome/100.0.4896.88 Safari/537.36"
::1 - - [15/Apr/2022:07:03:14 +0000] "POST /api/v1/users/login HTTP/1.1" 200 569 "http://localhost:3000/" "Mozilla/5.0 (Windows NT 10.0; Win64; x64) AppleWebKit/537.36 (KHTML, like Gecko) Chrome/100.0.4896.88 Safari/537.36"
::1 - - [15/Apr/2022:07:03:14 +0000] "GET /api/v1/books?limit=40 HTTP/1.1" 304 - "http://localhost:3000/" "Mozilla/5.0 (Windows NT 10.0; Win64; x64) AppleWebKit/537.36 (KHTML, like Gecko) Chrome/100.0.4896.88 Safari/537.36"
::1 - - [15/Apr/2022:07:03:21 +0000] "GET /api/v1/books?limit=40 HTTP/1.1" 304 - "http://localhost:3000/" "Mozilla/5.0 (Windows NT 10.0; Win64; x64) AppleWebKit/537.36 (KHTML, like Gecko) Chrome/100.0.4896.88 Safari/537.36"
::1 - - [15/Apr/2022:08:06:36 +0000] "GET /api/v1/books?limit=40 HTTP/1.1" 304 - "http://localhost:3000/" "Mozilla/5.0 (Windows NT 10.0; Win64; x64) AppleWebKit/537.36 (KHTML, like Gecko) Chrome/100.0.4896.88 Safari/537.36"
::1 - - [15/Apr/2022:08:07:53 +0000] "POST /api/v1/users/login HTTP/1.1" 200 569 "http://localhost:3000/" "Mozilla/5.0 (Windows NT 10.0; Win64; x64) AppleWebKit/537.36 (KHTML, like Gecko) Chrome/100.0.4896.88 Safari/537.36"
::1 - - [15/Apr/2022:08:08:06 +0000] "GET /api/v1/books?limit=40 HTTP/1.1" 304 - "http://localhost:3000/" "Mozilla/5.0 (Windows NT 10.0; Win64; x64) AppleWebKit/537.36 (KHTML, like Gecko) Chrome/100.0.4896.88 Safari/537.36"
::1 - - [15/Apr/2022:08:08:17 +0000] "GET /api/v1/books/6229bc65855f9d7d045c8fce HTTP/1.1" 200 872 "http://localhost:3000/" "Mozilla/5.0 (Windows NT 10.0; Win64; x64) AppleWebKit/537.36 (KHTML, like Gecko) Chrome/100.0.4896.88 Safari/537.36"
::1 - - [15/Apr/2022:08:18:02 +0000] "GET /api/v1/books?limit=40 HTTP/1.1" 304 - "http://localhost:3000/" "Mozilla/5.0 (Windows NT 10.0; Win64; x64) AppleWebKit/537.36 (KHTML, like Gecko) Chrome/100.0.4896.88 Safari/537.36"
::1 - - [15/Apr/2022:08:18:05 +0000] "GET /api/v1/books/6229bc65855f9d7d045c8fd6 HTTP/1.1" 200 782 "http://localhost:3000/" "Mozilla/5.0 (Windows NT 10.0; Win64; x64) AppleWebKit/537.36 (KHTML, like Gecko) Chrome/100.0.4896.88 Safari/537.36"
::1 - - [15/Apr/2022:08:19:19 +0000] "GET /api/v1/books/6229bc65855f9d7d045c8fd6 HTTP/1.1" 304 - "http://localhost:3000/" "Mozilla/5.0 (Windows NT 10.0; Win64; x64) AppleWebKit/537.36 (KHTML, like Gecko) Chrome/100.0.4896.88 Safari/537.36"
::1 - - [15/Apr/2022:08:20:31 +0000] "GET /api/v1/books/6229bc65855f9d7d045c8fd6 HTTP/1.1" 304 - "http://localhost:3000/" "Mozilla/5.0 (Windows NT 10.0; Win64; x64) AppleWebKit/537.36 (KHTML, like Gecko) Chrome/100.0.4896.88 Safari/537.36"
::1 - - [15/Apr/2022:08:21:58 +0000] "GET /api/v1/books/6229bc65855f9d7d045c8fd6 HTTP/1.1" 304 - "http://localhost:3000/" "Mozilla/5.0 (Windows NT 10.0; Win64; x64) AppleWebKit/537.36 (KHTML, like Gecko) Chrome/100.0.4896.88 Safari/537.36"
::1 - - [15/Apr/2022:08:22:36 +0000] "GET /api/v1/books/6229bc65855f9d7d045c8fd6 HTTP/1.1" 304 - "http://localhost:3000/" "Mozilla/5.0 (Windows NT 10.0; Win64; x64) AppleWebKit/537.36 (KHTML, like Gecko) Chrome/100.0.4896.88 Safari/537.36"
::1 - - [15/Apr/2022:08:23:02 +0000] "GET /api/v1/books/6229bc65855f9d7d045c8fd6 HTTP/1.1" 304 - "http://localhost:3000/" "Mozilla/5.0 (Windows NT 10.0; Win64; x64) AppleWebKit/537.36 (KHTML, like Gecko) Chrome/100.0.4896.88 Safari/537.36"
::1 - - [15/Apr/2022:08:23:13 +0000] "GET /api/v1/books?limit=40 HTTP/1.1" 304 - "http://localhost:3000/" "Mozilla/5.0 (Windows NT 10.0; Win64; x64) AppleWebKit/537.36 (KHTML, like Gecko) Chrome/100.0.4896.88 Safari/537.36"
::1 - - [15/Apr/2022:08:23:14 +0000] "GET /api/v1/books/6229bc65855f9d7d045c8fce HTTP/1.1" 304 - "http://localhost:3000/" "Mozilla/5.0 (Windows NT 10.0; Win64; x64) AppleWebKit/537.36 (KHTML, like Gecko) Chrome/100.0.4896.88 Safari/537.36"
::1 - - [15/Apr/2022:08:23:36 +0000] "GET /api/v1/books/6229bc65855f9d7d045c8fce HTTP/1.1" 304 - "http://localhost:3000/" "Mozilla/5.0 (Windows NT 10.0; Win64; x64) AppleWebKit/537.36 (KHTML, like Gecko) Chrome/100.0.4896.88 Safari/537.36"
::1 - - [15/Apr/2022:08:23:45 +0000] "GET /api/v1/books/6229bc65855f9d7d045c8fce HTTP/1.1" 304 - "http://localhost:3000/" "Mozilla/5.0 (Windows NT 10.0; Win64; x64) AppleWebKit/537.36 (KHTML, like Gecko) Chrome/100.0.4896.88 Safari/537.36"
::1 - - [15/Apr/2022:08:24:05 +0000] "GET /api/v1/books/6229bc65855f9d7d045c8fce HTTP/1.1" 304 - "http://localhost:3000/" "Mozilla/5.0 (Windows NT 10.0; Win64; x64) AppleWebKit/537.36 (KHTML, like Gecko) Chrome/100.0.4896.88 Safari/537.36"
::1 - - [15/Apr/2022:08:26:03 +0000] "GET /api/v1/books/6229bc65855f9d7d045c8fce HTTP/1.1" 304 - "http://localhost:3000/" "Mozilla/5.0 (Windows NT 10.0; Win64; x64) AppleWebKit/537.36 (KHTML, like Gecko) Chrome/100.0.4896.88 Safari/537.36"
::1 - - [15/Apr/2022:08:26:33 +0000] "GET /api/v1/books/6229bc65855f9d7d045c8fce HTTP/1.1" 304 - "http://localhost:3000/" "Mozilla/5.0 (Windows NT 10.0; Win64; x64) AppleWebKit/537.36 (KHTML, like Gecko) Chrome/100.0.4896.88 Safari/537.36"
::1 - - [15/Apr/2022:08:27:07 +0000] "GET /api/v1/books/6229bc65855f9d7d045c8fce HTTP/1.1" 304 - "http://localhost:3000/" "Mozilla/5.0 (Windows NT 10.0; Win64; x64) AppleWebKit/537.36 (KHTML, like Gecko) Chrome/100.0.4896.88 Safari/537.36"
::1 - - [15/Apr/2022:08:27:18 +0000] "GET /api/v1/books/6229bc65855f9d7d045c8fce HTTP/1.1" 304 - "http://localhost:3000/" "Mozilla/5.0 (Windows NT 10.0; Win64; x64) AppleWebKit/537.36 (KHTML, like Gecko) Chrome/100.0.4896.88 Safari/537.36"
::1 - - [15/Apr/2022:08:28:08 +0000] "GET /api/v1/books/6229bc65855f9d7d045c8fce HTTP/1.1" 304 - "http://localhost:3000/" "Mozilla/5.0 (Windows NT 10.0; Win64; x64) AppleWebKit/537.36 (KHTML, like Gecko) Chrome/100.0.4896.88 Safari/537.36"
::1 - - [15/Apr/2022:08:29:26 +0000] "GET /api/v1/books/6229bc65855f9d7d045c8fce HTTP/1.1" 304 - "http://localhost:3000/" "Mozilla/5.0 (Windows NT 10.0; Win64; x64) AppleWebKit/537.36 (KHTML, like Gecko) Chrome/100.0.4896.88 Safari/537.36"
::1 - - [15/Apr/2022:08:29:42 +0000] "GET /api/v1/books/6229bc65855f9d7d045c8fce HTTP/1.1" 304 - "http://localhost:3000/" "Mozilla/5.0 (Windows NT 10.0; Win64; x64) AppleWebKit/537.36 (KHTML, like Gecko) Chrome/100.0.4896.88 Safari/537.36"
::1 - - [15/Apr/2022:08:31:58 +0000] "GET /api/v1/books/6229bc65855f9d7d045c8fce HTTP/1.1" 304 - "http://localhost:3000/" "Mozilla/5.0 (Windows NT 10.0; Win64; x64) AppleWebKit/537.36 (KHTML, like Gecko) Chrome/100.0.4896.88 Safari/537.36"
::1 - - [15/Apr/2022:08:32:08 +0000] "GET /api/v1/books/6229bc65855f9d7d045c8fce HTTP/1.1" 304 - "http://localhost:3000/" "Mozilla/5.0 (Windows NT 10.0; Win64; x64) AppleWebKit/537.36 (KHTML, like Gecko) Chrome/100.0.4896.88 Safari/537.36"
::1 - - [15/Apr/2022:08:32:15 +0000] "GET /api/v1/books/6229bc65855f9d7d045c8fce HTTP/1.1" 304 - "http://localhost:3000/" "Mozilla/5.0 (Windows NT 10.0; Win64; x64) AppleWebKit/537.36 (KHTML, like Gecko) Chrome/100.0.4896.88 Safari/537.36"
::1 - - [15/Apr/2022:08:32:22 +0000] "GET /api/v1/books/6229bc65855f9d7d045c8fce HTTP/1.1" 304 - "http://localhost:3000/" "Mozilla/5.0 (Windows NT 10.0; Win64; x64) AppleWebKit/537.36 (KHTML, like Gecko) Chrome/100.0.4896.88 Safari/537.36"
::1 - - [15/Apr/2022:08:32:55 +0000] "GET /api/v1/books/6229bc65855f9d7d045c8fce HTTP/1.1" 304 - "http://localhost:3000/" "Mozilla/5.0 (Windows NT 10.0; Win64; x64) AppleWebKit/537.36 (KHTML, like Gecko) Chrome/100.0.4896.88 Safari/537.36"
::1 - - [15/Apr/2022:08:33:46 +0000] "GET /api/v1/books/6229bc65855f9d7d045c8fce HTTP/1.1" 304 - "http://localhost:3000/" "Mozilla/5.0 (Windows NT 10.0; Win64; x64) AppleWebKit/537.36 (KHTML, like Gecko) Chrome/100.0.4896.88 Safari/537.36"
::1 - - [15/Apr/2022:08:33:56 +0000] "GET /api/v1/books/6229bc65855f9d7d045c8fce HTTP/1.1" 304 - "http://localhost:3000/" "Mozilla/5.0 (Windows NT 10.0; Win64; x64) AppleWebKit/537.36 (KHTML, like Gecko) Chrome/100.0.4896.88 Safari/537.36"
::1 - - [15/Apr/2022:08:36:09 +0000] "GET /api/v1/books/6229bc65855f9d7d045c8fce HTTP/1.1" 304 - "http://localhost:3000/" "Mozilla/5.0 (Windows NT 10.0; Win64; x64) AppleWebKit/537.36 (KHTML, like Gecko) Chrome/100.0.4896.88 Safari/537.36"
::1 - - [15/Apr/2022:08:36:22 +0000] "GET /api/v1/books/6229bc65855f9d7d045c8fce HTTP/1.1" 304 - "http://localhost:3000/" "Mozilla/5.0 (Windows NT 10.0; Win64; x64) AppleWebKit/537.36 (KHTML, like Gecko) Chrome/100.0.4896.88 Safari/537.36"
::1 - - [15/Apr/2022:08:36:33 +0000] "GET /api/v1/books/6229bc65855f9d7d045c8fce HTTP/1.1" 304 - "http://localhost:3000/" "Mozilla/5.0 (Windows NT 10.0; Win64; x64) AppleWebKit/537.36 (KHTML, like Gecko) Chrome/100.0.4896.88 Safari/537.36"
::1 - - [15/Apr/2022:08:36:47 +0000] "GET /api/v1/books/6229bc65855f9d7d045c8fce HTTP/1.1" 304 - "http://localhost:3000/" "Mozilla/5.0 (Windows NT 10.0; Win64; x64) AppleWebKit/537.36 (KHTML, like Gecko) Chrome/100.0.4896.88 Safari/537.36"
::1 - - [15/Apr/2022:08:38:40 +0000] "GET /api/v1/books/6229bc65855f9d7d045c8fce HTTP/1.1" 304 - "http://localhost:3000/" "Mozilla/5.0 (Windows NT 10.0; Win64; x64) AppleWebKit/537.36 (KHTML, like Gecko) Chrome/100.0.4896.88 Safari/537.36"
::1 - - [15/Apr/2022:08:39:00 +0000] "GET /api/v1/books/6229bc65855f9d7d045c8fce HTTP/1.1" 304 - "http://localhost:3000/" "Mozilla/5.0 (Windows NT 10.0; Win64; x64) AppleWebKit/537.36 (KHTML, like Gecko) Chrome/100.0.4896.88 Safari/537.36"
::1 - - [15/Apr/2022:08:39:36 +0000] "GET /api/v1/books/6229bc65855f9d7d045c8fce HTTP/1.1" 304 - "http://localhost:3000/" "Mozilla/5.0 (Windows NT 10.0; Win64; x64) AppleWebKit/537.36 (KHTML, like Gecko) Chrome/100.0.4896.88 Safari/537.36"
::1 - - [15/Apr/2022:08:39:54 +0000] "GET /api/v1/books/6229bc65855f9d7d045c8fce HTTP/1.1" 304 - "http://localhost:3000/" "Mozilla/5.0 (Windows NT 10.0; Win64; x64) AppleWebKit/537.36 (KHTML, like Gecko) Chrome/100.0.4896.88 Safari/537.36"
::1 - - [15/Apr/2022:08:50:30 +0000] "GET /api/v1/books/6229bc65855f9d7d045c8fce HTTP/1.1" 304 - "http://localhost:3000/" "Mozilla/5.0 (Windows NT 10.0; Win64; x64) AppleWebKit/537.36 (KHTML, like Gecko) Chrome/100.0.4896.88 Safari/537.36"
::1 - - [15/Apr/2022:08:50:35 +0000] "GET /api/v1/books?limit=40 HTTP/1.1" 304 - "http://localhost:3000/" "Mozilla/5.0 (Windows NT 10.0; Win64; x64) AppleWebKit/537.36 (KHTML, like Gecko) Chrome/100.0.4896.88 Safari/537.36"
::1 - - [15/Apr/2022:08:50:37 +0000] "GET /api/v1/books/6229bc65855f9d7d045c8fd2 HTTP/1.1" 200 729 "http://localhost:3000/" "Mozilla/5.0 (Windows NT 10.0; Win64; x64) AppleWebKit/537.36 (KHTML, like Gecko) Chrome/100.0.4896.88 Safari/537.36"
::1 - - [15/Apr/2022:08:50:38 +0000] "GET /api/v1/books?limit=40 HTTP/1.1" 304 - "http://localhost:3000/" "Mozilla/5.0 (Windows NT 10.0; Win64; x64) AppleWebKit/537.36 (KHTML, like Gecko) Chrome/100.0.4896.88 Safari/537.36"
::1 - - [15/Apr/2022:08:50:52 +0000] "GET /api/v1/books/6229bc65855f9d7d045c8fce HTTP/1.1" 304 - "http://localhost:3000/" "Mozilla/5.0 (Windows NT 10.0; Win64; x64) AppleWebKit/537.36 (KHTML, like Gecko) Chrome/100.0.4896.88 Safari/537.36"
::1 - - [15/Apr/2022:08:50:56 +0000] "GET /api/v1/books?limit=40 HTTP/1.1" 304 - "http://localhost:3000/" "Mozilla/5.0 (Windows NT 10.0; Win64; x64) AppleWebKit/537.36 (KHTML, like Gecko) Chrome/100.0.4896.88 Safari/537.36"
::1 - - [15/Apr/2022:08:50:58 +0000] "GET /api/v1/books/6229bc65855f9d7d045c8fd2 HTTP/1.1" 304 - "http://localhost:3000/" "Mozilla/5.0 (Windows NT 10.0; Win64; x64) AppleWebKit/537.36 (KHTML, like Gecko) Chrome/100.0.4896.88 Safari/537.36"
::1 - - [15/Apr/2022:08:51:13 +0000] "GET /api/v1/books/6229bc65855f9d7d045c8fd2 HTTP/1.1" 304 - "http://localhost:3000/" "Mozilla/5.0 (Windows NT 10.0; Win64; x64) AppleWebKit/537.36 (KHTML, like Gecko) Chrome/100.0.4896.88 Safari/537.36"
::1 - - [15/Apr/2022:08:52:20 +0000] "GET /api/v1/books?limit=40 HTTP/1.1" 304 - "http://localhost:3000/" "Mozilla/5.0 (Windows NT 10.0; Win64; x64) AppleWebKit/537.36 (KHTML, like Gecko) Chrome/100.0.4896.88 Safari/537.36"
::1 - - [15/Apr/2022:13:50:13 +0000] "GET /api/v1/books/6229bc65855f9d7d045c8fce HTTP/1.1" 304 - "http://localhost:3000/" "Mozilla/5.0 (Windows NT 10.0; Win64; x64) AppleWebKit/537.36 (KHTML, like Gecko) Chrome/100.0.4896.88 Safari/537.36"
::1 - - [15/Apr/2022:13:51:03 +0000] "GET /api/v1/books?limit=40 HTTP/1.1" 304 - "http://localhost:3000/" "Mozilla/5.0 (Windows NT 10.0; Win64; x64) AppleWebKit/537.36 (KHTML, like Gecko) Chrome/100.0.4896.88 Safari/537.36"
::1 - - [15/Apr/2022:13:51:04 +0000] "GET /api/v1/books/6229bc65855f9d7d045c8fce HTTP/1.1" 304 - "http://localhost:3000/" "Mozilla/5.0 (Windows NT 10.0; Win64; x64) AppleWebKit/537.36 (KHTML, like Gecko) Chrome/100.0.4896.88 Safari/537.36"
::1 - - [15/Apr/2022:13:51:09 +0000] "PUT /api/v1/books/6229bc65855f9d7d045c8fce HTTP/1.1" 401 123 "http://localhost:3000/" "Mozilla/5.0 (Windows NT 10.0; Win64; x64) AppleWebKit/537.36 (KHTML, like Gecko) Chrome/100.0.4896.88 Safari/537.36"
::1 - - [15/Apr/2022:13:52:09 +0000] "GET /api/v1/books/6229bc65855f9d7d045c8fce HTTP/1.1" 304 - "http://localhost:3000/" "Mozilla/5.0 (Windows NT 10.0; Win64; x64) AppleWebKit/537.36 (KHTML, like Gecko) Chrome/100.0.4896.88 Safari/537.36"
::1 - - [15/Apr/2022:13:52:11 +0000] "PUT /api/v1/books/6229bc65855f9d7d045c8fce HTTP/1.1" 401 123 "http://localhost:3000/" "Mozilla/5.0 (Windows NT 10.0; Win64; x64) AppleWebKit/537.36 (KHTML, like Gecko) Chrome/100.0.4896.88 Safari/537.36"
::1 - - [15/Apr/2022:13:52:26 +0000] "GET /api/v1/books?limit=40 HTTP/1.1" 304 - "http://localhost:3000/" "Mozilla/5.0 (Windows NT 10.0; Win64; x64) AppleWebKit/537.36 (KHTML, like Gecko) Chrome/100.0.4896.88 Safari/537.36"
::1 - - [15/Apr/2022:13:52:27 +0000] "GET /api/v1/books/6229bc65855f9d7d045c8fd2 HTTP/1.1" 304 - "http://localhost:3000/" "Mozilla/5.0 (Windows NT 10.0; Win64; x64) AppleWebKit/537.36 (KHTML, like Gecko) Chrome/100.0.4896.88 Safari/537.36"
::1 - - [15/Apr/2022:13:52:31 +0000] "PUT /api/v1/books/6229bc65855f9d7d045c8fd2 HTTP/1.1" 401 123 "http://localhost:3000/" "Mozilla/5.0 (Windows NT 10.0; Win64; x64) AppleWebKit/537.36 (KHTML, like Gecko) Chrome/100.0.4896.88 Safari/537.36"
::1 - - [15/Apr/2022:13:52:57 +0000] "PUT /api/v1/books/6229bc65855f9d7d045c8fd2 HTTP/1.1" 401 123 "http://localhost:3000/" "Mozilla/5.0 (Windows NT 10.0; Win64; x64) AppleWebKit/537.36 (KHTML, like Gecko) Chrome/100.0.4896.88 Safari/537.36"
::1 - - [15/Apr/2022:13:54:12 +0000] "GET /api/v1/books/6229bc65855f9d7d045c8fd2 HTTP/1.1" 304 - "http://localhost:3000/" "Mozilla/5.0 (Windows NT 10.0; Win64; x64) AppleWebKit/537.36 (KHTML, like Gecko) Chrome/100.0.4896.88 Safari/537.36"
::1 - - [15/Apr/2022:13:54:16 +0000] "PUT /api/v1/books/6229bc65855f9d7d045c8fd2 HTTP/1.1" 401 123 "http://localhost:3000/" "Mozilla/5.0 (Windows NT 10.0; Win64; x64) AppleWebKit/537.36 (KHTML, like Gecko) Chrome/100.0.4896.88 Safari/537.36"
::1 - - [15/Apr/2022:13:56:45 +0000] "GET /api/v1/books/6229bc65855f9d7d045c8fd2 HTTP/1.1" 304 - "http://localhost:3000/" "Mozilla/5.0 (Windows NT 10.0; Win64; x64) AppleWebKit/537.36 (KHTML, like Gecko) Chrome/100.0.4896.88 Safari/537.36"
::1 - - [15/Apr/2022:13:57:07 +0000] "GET /api/v1/books/6229bc65855f9d7d045c8fd2 HTTP/1.1" 304 - "http://localhost:3000/" "Mozilla/5.0 (Windows NT 10.0; Win64; x64) AppleWebKit/537.36 (KHTML, like Gecko) Chrome/100.0.4896.88 Safari/537.36"
::1 - - [15/Apr/2022:13:57:32 +0000] "PUT /api/v1/books/6229bc65855f9d7d045c8fd2 HTTP/1.1" 401 123 "http://localhost:3000/" "Mozilla/5.0 (Windows NT 10.0; Win64; x64) AppleWebKit/537.36 (KHTML, like Gecko) Chrome/100.0.4896.88 Safari/537.36"
::1 - - [15/Apr/2022:13:58:37 +0000] "GET /api/v1/books/6229bc65855f9d7d045c8fd2 HTTP/1.1" 200 729 "http://localhost:3000/" "Mozilla/5.0 (Windows NT 10.0; Win64; x64) AppleWebKit/537.36 (KHTML, like Gecko) Chrome/100.0.4896.88 Safari/537.36"
::1 - - [15/Apr/2022:14:03:13 +0000] "GET /api/v1/books/6229bc65855f9d7d045c8fd2 HTTP/1.1" 304 - "http://localhost:3000/" "Mozilla/5.0 (Windows NT 10.0; Win64; x64) AppleWebKit/537.36 (KHTML, like Gecko) Chrome/100.0.4896.88 Safari/537.36"
::1 - - [15/Apr/2022:14:03:19 +0000] "PUT /api/v1/books/6229bc65855f9d7d045c8fd2 HTTP/1.1" 200 660 "http://localhost:3000/" "Mozilla/5.0 (Windows NT 10.0; Win64; x64) AppleWebKit/537.36 (KHTML, like Gecko) Chrome/100.0.4896.88 Safari/537.36"
::1 - - [15/Apr/2022:14:03:22 +0000] "GET /api/v1/books?limit=40 HTTP/1.1" 200 7906 "http://localhost:3000/" "Mozilla/5.0 (Windows NT 10.0; Win64; x64) AppleWebKit/537.36 (KHTML, like Gecko) Chrome/100.0.4896.88 Safari/537.36"
::1 - - [15/Apr/2022:14:03:23 +0000] "GET /api/v1/books/6229bc65855f9d7d045c8fd2 HTTP/1.1" 200 730 "http://localhost:3000/" "Mozilla/5.0 (Windows NT 10.0; Win64; x64) AppleWebKit/537.36 (KHTML, like Gecko) Chrome/100.0.4896.88 Safari/537.36"
::1 - - [15/Apr/2022:14:08:10 +0000] "GET /api/v1/books?limit=40 HTTP/1.1" 200 7906 "http://localhost:3000/" "Mozilla/5.0 (Windows NT 10.0; Win64; x64) AppleWebKit/537.36 (KHTML, like Gecko) Chrome/100.0.4896.88 Safari/537.36"
::1 - - [15/Apr/2022:14:08:12 +0000] "GET /api/v1/books/6229bc65855f9d7d045c8fd1 HTTP/1.1" 200 822 "http://localhost:3000/" "Mozilla/5.0 (Windows NT 10.0; Win64; x64) AppleWebKit/537.36 (KHTML, like Gecko) Chrome/100.0.4896.88 Safari/537.36"
::1 - - [15/Apr/2022:14:08:19 +0000] "PUT /api/v1/books/6229bc65855f9d7d045c8fd1 HTTP/1.1" 200 753 "http://localhost:3000/" "Mozilla/5.0 (Windows NT 10.0; Win64; x64) AppleWebKit/537.36 (KHTML, like Gecko) Chrome/100.0.4896.88 Safari/537.36"
::1 - - [15/Apr/2022:14:08:23 +0000] "PUT /api/v1/books/6229bc65855f9d7d045c8fd1 HTTP/1.1" 200 754 "http://localhost:3000/" "Mozilla/5.0 (Windows NT 10.0; Win64; x64) AppleWebKit/537.36 (KHTML, like Gecko) Chrome/100.0.4896.88 Safari/537.36"
::1 - - [15/Apr/2022:14:10:33 +0000] "GET /api/v1/books/6229bc65855f9d7d045c8fd1 HTTP/1.1" 200 824 "http://localhost:3000/" "Mozilla/5.0 (Windows NT 10.0; Win64; x64) AppleWebKit/537.36 (KHTML, like Gecko) Chrome/100.0.4896.88 Safari/537.36"
::1 - - [15/Apr/2022:14:10:38 +0000] "PUT /api/v1/books/6229bc65855f9d7d045c8fd1 HTTP/1.1" 200 755 "http://localhost:3000/" "Mozilla/5.0 (Windows NT 10.0; Win64; x64) AppleWebKit/537.36 (KHTML, like Gecko) Chrome/100.0.4896.88 Safari/537.36"
::1 - - [15/Apr/2022:14:10:42 +0000] "GET /api/v1/books?limit=40 HTTP/1.1" 200 7909 "http://localhost:3000/" "Mozilla/5.0 (Windows NT 10.0; Win64; x64) AppleWebKit/537.36 (KHTML, like Gecko) Chrome/100.0.4896.88 Safari/537.36"
::1 - - [15/Apr/2022:14:10:44 +0000] "GET /api/v1/books/6229bc65855f9d7d045c8fce HTTP/1.1" 200 872 "http://localhost:3000/" "Mozilla/5.0 (Windows NT 10.0; Win64; x64) AppleWebKit/537.36 (KHTML, like Gecko) Chrome/100.0.4896.88 Safari/537.36"
::1 - - [15/Apr/2022:14:10:47 +0000] "PUT /api/v1/books/6229bc65855f9d7d045c8fce HTTP/1.1" 200 803 "http://localhost:3000/" "Mozilla/5.0 (Windows NT 10.0; Win64; x64) AppleWebKit/537.36 (KHTML, like Gecko) Chrome/100.0.4896.88 Safari/537.36"
::1 - - [15/Apr/2022:14:10:49 +0000] "GET /api/v1/books?limit=40 HTTP/1.1" 200 7910 "http://localhost:3000/" "Mozilla/5.0 (Windows NT 10.0; Win64; x64) AppleWebKit/537.36 (KHTML, like Gecko) Chrome/100.0.4896.88 Safari/537.36"
::1 - - [15/Apr/2022:14:10:52 +0000] "GET /api/v1/books/6229bc65855f9d7d045c8fce HTTP/1.1" 200 873 "http://localhost:3000/" "Mozilla/5.0 (Windows NT 10.0; Win64; x64) AppleWebKit/537.36 (KHTML, like Gecko) Chrome/100.0.4896.88 Safari/537.36"
::1 - - [15/Apr/2022:14:11:04 +0000] "GET /api/v1/books/6229bc65855f9d7d045c8fce HTTP/1.1" 304 - "http://localhost:3000/" "Mozilla/5.0 (Windows NT 10.0; Win64; x64) AppleWebKit/537.36 (KHTML, like Gecko) Chrome/100.0.4896.88 Safari/537.36"
::1 - - [15/Apr/2022:14:11:18 +0000] "PUT /api/v1/books/6229bc65855f9d7d045c8fce HTTP/1.1" 200 803 "http://localhost:3000/" "Mozilla/5.0 (Windows NT 10.0; Win64; x64) AppleWebKit/537.36 (KHTML, like Gecko) Chrome/100.0.4896.88 Safari/537.36"
::1 - - [15/Apr/2022:14:11:25 +0000] "PUT /api/v1/books/6229bc65855f9d7d045c8fce HTTP/1.1" 200 804 "http://localhost:3000/" "Mozilla/5.0 (Windows NT 10.0; Win64; x64) AppleWebKit/537.36 (KHTML, like Gecko) Chrome/100.0.4896.88 Safari/537.36"
::1 - - [15/Apr/2022:14:11:27 +0000] "GET /api/v1/books?limit=40 HTTP/1.1" 304 - "http://localhost:3000/" "Mozilla/5.0 (Windows NT 10.0; Win64; x64) AppleWebKit/537.36 (KHTML, like Gecko) Chrome/100.0.4896.88 Safari/537.36"
::1 - - [15/Apr/2022:14:11:27 +0000] "GET /api/v1/books/6229bc65855f9d7d045c8fce HTTP/1.1" 200 873 "http://localhost:3000/" "Mozilla/5.0 (Windows NT 10.0; Win64; x64) AppleWebKit/537.36 (KHTML, like Gecko) Chrome/100.0.4896.88 Safari/537.36"
::1 - - [15/Apr/2022:14:17:51 +0000] "GET /api/v1/books?limit=40 HTTP/1.1" 304 - "http://localhost:3000/" "Mozilla/5.0 (Windows NT 10.0; Win64; x64) AppleWebKit/537.36 (KHTML, like Gecko) Chrome/100.0.4896.88 Safari/537.36"
::1 - - [15/Apr/2022:14:17:52 +0000] "GET /api/v1/books/6229bc65855f9d7d045c8fd1 HTTP/1.1" 200 825 "http://localhost:3000/" "Mozilla/5.0 (Windows NT 10.0; Win64; x64) AppleWebKit/537.36 (KHTML, like Gecko) Chrome/100.0.4896.88 Safari/537.36"
::1 - - [15/Apr/2022:14:17:55 +0000] "GET /api/v1/books?limit=40 HTTP/1.1" 304 - "http://localhost:3000/" "Mozilla/5.0 (Windows NT 10.0; Win64; x64) AppleWebKit/537.36 (KHTML, like Gecko) Chrome/100.0.4896.88 Safari/537.36"
::1 - - [15/Apr/2022:14:17:56 +0000] "GET /api/v1/books/6229bc65855f9d7d045c8fcf HTTP/1.1" 200 755 "http://localhost:3000/" "Mozilla/5.0 (Windows NT 10.0; Win64; x64) AppleWebKit/537.36 (KHTML, like Gecko) Chrome/100.0.4896.88 Safari/537.36"
::1 - - [15/Apr/2022:14:18:01 +0000] "DELETE /api/v1/books/6229bc65855f9d7d045c8fcf HTTP/1.1" 200 702 "http://localhost:3000/" "Mozilla/5.0 (Windows NT 10.0; Win64; x64) AppleWebKit/537.36 (KHTML, like Gecko) Chrome/100.0.4896.88 Safari/537.36"
::1 - - [15/Apr/2022:14:18:35 +0000] "GET /api/v1/books?limit=40 HTTP/1.1" 200 7126 "http://localhost:3000/" "Mozilla/5.0 (Windows NT 10.0; Win64; x64) AppleWebKit/537.36 (KHTML, like Gecko) Chrome/100.0.4896.88 Safari/537.36"
::1 - - [15/Apr/2022:14:21:25 +0000] "GET /api/v1/books?limit=40 HTTP/1.1" 304 - "http://localhost:3000/" "Mozilla/5.0 (Windows NT 10.0; Win64; x64) AppleWebKit/537.36 (KHTML, like Gecko) Chrome/100.0.4896.88 Safari/537.36"
::1 - - [15/Apr/2022:14:21:27 +0000] "GET /api/v1/books/6229bc65855f9d7d045c8fd3 HTTP/1.1" 200 693 "http://localhost:3000/" "Mozilla/5.0 (Windows NT 10.0; Win64; x64) AppleWebKit/537.36 (KHTML, like Gecko) Chrome/100.0.4896.88 Safari/537.36"
::1 - - [15/Apr/2022:14:21:33 +0000] "DELETE /api/v1/books/6229bc65855f9d7d045c8fd3 HTTP/1.1" 200 624 "http://localhost:3000/" "Mozilla/5.0 (Windows NT 10.0; Win64; x64) AppleWebKit/537.36 (KHTML, like Gecko) Chrome/100.0.4896.88 Safari/537.36"
::1 - - [15/Apr/2022:14:24:18 +0000] "GET /api/v1/books?limit=40 HTTP/1.1" 200 6376 "http://localhost:3000/" "Mozilla/5.0 (Windows NT 10.0; Win64; x64) AppleWebKit/537.36 (KHTML, like Gecko) Chrome/100.0.4896.88 Safari/537.36"
::1 - - [15/Apr/2022:14:24:19 +0000] "GET /api/v1/books/6229bc65855f9d7d045c8fd1 HTTP/1.1" 304 - "http://localhost:3000/" "Mozilla/5.0 (Windows NT 10.0; Win64; x64) AppleWebKit/537.36 (KHTML, like Gecko) Chrome/100.0.4896.88 Safari/537.36"
::1 - - [15/Apr/2022:14:24:22 +0000] "DELETE /api/v1/books/6229bc65855f9d7d045c8fd1 HTTP/1.1" 500 80 "http://localhost:3000/" "Mozilla/5.0 (Windows NT 10.0; Win64; x64) AppleWebKit/537.36 (KHTML, like Gecko) Chrome/100.0.4896.88 Safari/537.36"
::1 - - [15/Apr/2022:14:24:24 +0000] "PUT /api/v1/books/6229bc65855f9d7d045c8fd1 HTTP/1.1" 500 80 "http://localhost:3000/" "Mozilla/5.0 (Windows NT 10.0; Win64; x64) AppleWebKit/537.36 (KHTML, like Gecko) Chrome/100.0.4896.88 Safari/537.36"
::1 - - [15/Apr/2022:14:55:01 +0000] "GET /api/v1/books/6229bc65855f9d7d045c8fd1 HTTP/1.1" 304 - "http://localhost:3000/" "Mozilla/5.0 (Windows NT 10.0; Win64; x64) AppleWebKit/537.36 (KHTML, like Gecko) Chrome/100.0.4896.88 Safari/537.36"
::1 - - [15/Apr/2022:14:56:03 +0000] "POST /api/v1/users/login HTTP/1.1" 200 569 "http://localhost:3000/" "Mozilla/5.0 (Windows NT 10.0; Win64; x64) AppleWebKit/537.36 (KHTML, like Gecko) Chrome/100.0.4896.88 Safari/537.36"
::1 - - [15/Apr/2022:14:56:03 +0000] "GET /api/v1/books?limit=40 HTTP/1.1" 304 - "http://localhost:3000/" "Mozilla/5.0 (Windows NT 10.0; Win64; x64) AppleWebKit/537.36 (KHTML, like Gecko) Chrome/100.0.4896.88 Safari/537.36"
::1 - - [15/Apr/2022:14:59:19 +0000] "GET /api/v1/books?limit=40 HTTP/1.1" 304 - "http://localhost:3000/" "Mozilla/5.0 (Windows NT 10.0; Win64; x64) AppleWebKit/537.36 (KHTML, like Gecko) Chrome/100.0.4896.88 Safari/537.36"
::1 - - [15/Apr/2022:14:59:25 +0000] "GET /api/v1/books?limit=40 HTTP/1.1" 304 - "http://localhost:3000/" "Mozilla/5.0 (Windows NT 10.0; Win64; x64) AppleWebKit/537.36 (KHTML, like Gecko) Chrome/100.0.4896.88 Safari/537.36"
::1 - - [17/Apr/2022:05:06:19 +0000] "OPTIONS /api/v1/users/login HTTP/1.1" 401 123 "http://localhost:3000/" "Mozilla/5.0 (Windows NT 10.0; Win64; x64) AppleWebKit/537.36 (KHTML, like Gecko) Chrome/100.0.4896.88 Safari/537.36"
::1 - - [17/Apr/2022:05:12:45 +0000] "OPTIONS /api/v1/users/login HTTP/1.1" 401 123 "http://localhost:3000/" "Mozilla/5.0 (Windows NT 10.0; Win64; x64) AppleWebKit/537.36 (KHTML, like Gecko) Chrome/100.0.4896.88 Safari/537.36"
::1 - - [17/Apr/2022:05:16:45 +0000] "OPTIONS /api/v1/users/login HTTP/1.1" 401 123 "http://localhost:3000/" "Mozilla/5.0 (Windows NT 10.0; Win64; x64) AppleWebKit/537.36 (KHTML, like Gecko) Chrome/100.0.4896.88 Safari/537.36"
::1 - - [17/Apr/2022:05:33:34 +0000] "GET /api/v1/users/login HTTP/1.1" 401 123 "-" "Mozilla/5.0 (Windows NT 10.0; Win64; x64) AppleWebKit/537.36 (KHTML, like Gecko) Chrome/100.0.4896.88 Safari/537.36"
::1 - - [17/Apr/2022:05:33:34 +0000] "GET /favicon.ico HTTP/1.1" 404 150 "http://localhost:4000/api/v1/users/login" "Mozilla/5.0 (Windows NT 10.0; Win64; x64) AppleWebKit/537.36 (KHTML, like Gecko) Chrome/100.0.4896.88 Safari/537.36"
::1 - - [17/Apr/2022:07:30:26 +0000] "POST /api/v1/users/login HTTP/1.1" 200 569 "-" "PostmanRuntime/7.29.0"
::1 - - [17/Apr/2022:07:31:32 +0000] "GET /api/v1/books?limit=20 HTTP/1.1" 200 6376 "-" "PostmanRuntime/7.29.0"
::1 - - [17/Apr/2022:07:42:00 +0000] "POST /api/v1/users/login HTTP/1.1" 200 569 "http://localhost:3000/" "Mozilla/5.0 (Windows NT 10.0; Win64; x64) AppleWebKit/537.36 (KHTML, like Gecko) Chrome/100.0.4896.88 Safari/537.36"
::1 - - [17/Apr/2022:07:42:00 +0000] "GET /api/v1/books?limit=40 HTTP/1.1" 304 - "http://localhost:3000/" "Mozilla/5.0 (Windows NT 10.0; Win64; x64) AppleWebKit/537.36 (KHTML, like Gecko) Chrome/100.0.4896.88 Safari/537.36"
::1 - - [17/Apr/2022:07:49:40 +0000] "POST /api/v1/users/login HTTP/1.1" 200 569 "http://localhost:3000/" "Mozilla/5.0 (Windows NT 10.0; Win64; x64) AppleWebKit/537.36 (KHTML, like Gecko) Chrome/100.0.4896.88 Safari/537.36"
::1 - - [17/Apr/2022:07:49:41 +0000] "GET /api/v1/books?limit=40 HTTP/1.1" 304 - "http://localhost:3000/" "Mozilla/5.0 (Windows NT 10.0; Win64; x64) AppleWebKit/537.36 (KHTML, like Gecko) Chrome/100.0.4896.88 Safari/537.36"
::1 - - [17/Apr/2022:08:17:34 +0000] "GET /api/v1/books?limit=20 HTTP/1.1" 200 6376 "-" "PostmanRuntime/7.29.0"
::1 - - [17/Apr/2022:08:19:06 +0000] "GET /api/v1/books/6229bc65855f9d7d045c8fce HTTP/1.1" 304 - "http://localhost:3000/" "Mozilla/5.0 (Windows NT 10.0; Win64; x64) AppleWebKit/537.36 (KHTML, like Gecko) Chrome/100.0.4896.88 Safari/537.36"
::1 - - [17/Apr/2022:08:19:10 +0000] "PUT /api/v1/books/6229bc65855f9d7d045c8fce HTTP/1.1" 401 123 "http://localhost:3000/" "Mozilla/5.0 (Windows NT 10.0; Win64; x64) AppleWebKit/537.36 (KHTML, like Gecko) Chrome/100.0.4896.88 Safari/537.36"
::1 - - [17/Apr/2022:08:21:41 +0000] "PUT /api/v1/books/6229bc65855f9d7d045c8fce HTTP/1.1" 200 805 "http://localhost:3000/" "Mozilla/5.0 (Windows NT 10.0; Win64; x64) AppleWebKit/537.36 (KHTML, like Gecko) Chrome/100.0.4896.88 Safari/537.36"
::1 - - [17/Apr/2022:08:21:45 +0000] "GET /api/v1/books?limit=40 HTTP/1.1" 200 6378 "http://localhost:3000/" "Mozilla/5.0 (Windows NT 10.0; Win64; x64) AppleWebKit/537.36 (KHTML, like Gecko) Chrome/100.0.4896.88 Safari/537.36"
::1 - - [17/Apr/2022:08:21:46 +0000] "GET /api/v1/books/6229bc65855f9d7d045c8fce HTTP/1.1" 200 875 "http://localhost:3000/" "Mozilla/5.0 (Windows NT 10.0; Win64; x64) AppleWebKit/537.36 (KHTML, like Gecko) Chrome/100.0.4896.88 Safari/537.36"
::1 - - [17/Apr/2022:08:21:58 +0000] "GET /api/v1/books?limit=40 HTTP/1.1" 304 - "http://localhost:3000/" "Mozilla/5.0 (Windows NT 10.0; Win64; x64) AppleWebKit/537.36 (KHTML, like Gecko) Chrome/100.0.4896.88 Safari/537.36"
::1 - - [17/Apr/2022:08:22:02 +0000] "GET /api/v1/books/6229bc65855f9d7d045c8fd7 HTTP/1.1" 200 741 "http://localhost:3000/" "Mozilla/5.0 (Windows NT 10.0; Win64; x64) AppleWebKit/537.36 (KHTML, like Gecko) Chrome/100.0.4896.88 Safari/537.36"
::1 - - [17/Apr/2022:08:22:04 +0000] "DELETE /api/v1/books/6229bc65855f9d7d045c8fd7 HTTP/1.1" 200 688 "http://localhost:3000/" "Mozilla/5.0 (Windows NT 10.0; Win64; x64) AppleWebKit/537.36 (KHTML, like Gecko) Chrome/100.0.4896.88 Safari/537.36"
::1 - - [17/Apr/2022:08:22:05 +0000] "GET /api/v1/books?limit=40 HTTP/1.1" 200 5598 "http://localhost:3000/" "Mozilla/5.0 (Windows NT 10.0; Win64; x64) AppleWebKit/537.36 (KHTML, like Gecko) Chrome/100.0.4896.88 Safari/537.36"
::1 - - [17/Apr/2022:08:54:52 +0000] "GET /api/v1/books?limit=40 HTTP/1.1" 304 - "http://localhost:3000/" "Mozilla/5.0 (Windows NT 10.0; Win64; x64) AppleWebKit/537.36 (KHTML, like Gecko) Chrome/100.0.4896.88 Safari/537.36"
::1 - - [17/Apr/2022:08:54:54 +0000] "GET /api/v1/books?limit=40 HTTP/1.1" 304 - "http://localhost:3000/" "Mozilla/5.0 (Windows NT 10.0; Win64; x64) AppleWebKit/537.36 (KHTML, like Gecko) Chrome/100.0.4896.88 Safari/537.36"
::1 - - [17/Apr/2022:08:55:04 +0000] "POST /api/v1/users/login HTTP/1.1" 200 569 "http://localhost:3000/" "Mozilla/5.0 (Windows NT 10.0; Win64; x64) AppleWebKit/537.36 (KHTML, like Gecko) Chrome/100.0.4896.88 Safari/537.36"
::1 - - [17/Apr/2022:08:55:05 +0000] "GET /api/v1/books?limit=40 HTTP/1.1" 304 - "http://localhost:3000/" "Mozilla/5.0 (Windows NT 10.0; Win64; x64) AppleWebKit/537.36 (KHTML, like Gecko) Chrome/100.0.4896.88 Safari/537.36"
::1 - - [17/Apr/2022:08:55:06 +0000] "GET /api/v1/books/6229bc65855f9d7d045c8fd6 HTTP/1.1" 200 782 "http://localhost:3000/" "Mozilla/5.0 (Windows NT 10.0; Win64; x64) AppleWebKit/537.36 (KHTML, like Gecko) Chrome/100.0.4896.88 Safari/537.36"
::1 - - [17/Apr/2022:08:55:07 +0000] "GET /api/v1/books?limit=40 HTTP/1.1" 304 - "http://localhost:3000/" "Mozilla/5.0 (Windows NT 10.0; Win64; x64) AppleWebKit/537.36 (KHTML, like Gecko) Chrome/100.0.4896.88 Safari/537.36"
::1 - - [17/Apr/2022:09:02:33 +0000] "GET /api/v1/books?limit=40 HTTP/1.1" 304 - "http://localhost:3000/" "Mozilla/5.0 (Windows NT 10.0; Win64; x64) AppleWebKit/537.36 (KHTML, like Gecko) Chrome/100.0.4896.88 Safari/537.36"
::1 - - [17/Apr/2022:09:04:12 +0000] "POST /api/v1/users/login HTTP/1.1" 200 569 "http://localhost:3000/" "Mozilla/5.0 (Windows NT 10.0; Win64; x64) AppleWebKit/537.36 (KHTML, like Gecko) Chrome/100.0.4896.88 Safari/537.36"
::1 - - [17/Apr/2022:09:04:12 +0000] "GET /api/v1/books?limit=40 HTTP/1.1" 304 - "http://localhost:3000/" "Mozilla/5.0 (Windows NT 10.0; Win64; x64) AppleWebKit/537.36 (KHTML, like Gecko) Chrome/100.0.4896.88 Safari/537.36"
::1 - - [17/Apr/2022:09:36:41 +0000] "GET /api/v1/books?limit=40 HTTP/1.1" 304 - "http://localhost:3000/" "Mozilla/5.0 (Windows NT 10.0; Win64; x64) AppleWebKit/537.36 (KHTML, like Gecko) Chrome/100.0.4896.88 Safari/537.36"
::1 - - [17/Apr/2022:09:36:58 +0000] "GET /api/v1/books?limit=40 HTTP/1.1" 304 - "http://localhost:3000/" "Mozilla/5.0 (Windows NT 10.0; Win64; x64) AppleWebKit/537.36 (KHTML, like Gecko) Chrome/100.0.4896.88 Safari/537.36"
::1 - - [17/Apr/2022:09:37:04 +0000] "GET /api/v1/books?limit=40 HTTP/1.1" 304 - "http://localhost:3000/" "Mozilla/5.0 (Windows NT 10.0; Win64; x64) AppleWebKit/537.36 (KHTML, like Gecko) Chrome/100.0.4896.88 Safari/537.36"
::1 - - [17/Apr/2022:09:37:14 +0000] "GET /api/v1/books?limit=40 HTTP/1.1" 304 - "http://localhost:3000/" "Mozilla/5.0 (Windows NT 10.0; Win64; x64) AppleWebKit/537.36 (KHTML, like Gecko) Chrome/100.0.4896.88 Safari/537.36"
::1 - - [17/Apr/2022:09:37:18 +0000] "GET /api/v1/books?limit=40 HTTP/1.1" 304 - "http://localhost:3000/" "Mozilla/5.0 (Windows NT 10.0; Win64; x64) AppleWebKit/537.36 (KHTML, like Gecko) Chrome/100.0.4896.88 Safari/537.36"
::1 - - [17/Apr/2022:09:37:35 +0000] "GET /api/v1/books?limit=40 HTTP/1.1" 304 - "http://localhost:3000/" "Mozilla/5.0 (Windows NT 10.0; Win64; x64) AppleWebKit/537.36 (KHTML, like Gecko) Chrome/100.0.4896.88 Safari/537.36"
::1 - - [17/Apr/2022:09:37:45 +0000] "POST /api/v1/users/login HTTP/1.1" 200 569 "http://localhost:3000/" "Mozilla/5.0 (Windows NT 10.0; Win64; x64) AppleWebKit/537.36 (KHTML, like Gecko) Chrome/100.0.4896.88 Safari/537.36"
::1 - - [17/Apr/2022:09:37:45 +0000] "GET /api/v1/books?limit=40 HTTP/1.1" 304 - "http://localhost:3000/" "Mozilla/5.0 (Windows NT 10.0; Win64; x64) AppleWebKit/537.36 (KHTML, like Gecko) Chrome/100.0.4896.88 Safari/537.36"
::1 - - [17/Apr/2022:09:39:51 +0000] "GET /api/v1/books?limit=40 HTTP/1.1" 304 - "http://localhost:3000/" "Mozilla/5.0 (Windows NT 10.0; Win64; x64) AppleWebKit/537.36 (KHTML, like Gecko) Chrome/100.0.4896.88 Safari/537.36"
::1 - - [17/Apr/2022:09:40:07 +0000] "GET /api/v1/books?limit=40 HTTP/1.1" 304 - "http://localhost:3000/" "Mozilla/5.0 (Windows NT 10.0; Win64; x64) AppleWebKit/537.36 (KHTML, like Gecko) Chrome/100.0.4896.88 Safari/537.36"
::1 - - [17/Apr/2022:09:40:11 +0000] "POST /api/v1/users/login HTTP/1.1" 200 569 "http://localhost:3000/" "Mozilla/5.0 (Windows NT 10.0; Win64; x64) AppleWebKit/537.36 (KHTML, like Gecko) Chrome/100.0.4896.88 Safari/537.36"
::1 - - [17/Apr/2022:09:40:11 +0000] "GET /api/v1/books?limit=40 HTTP/1.1" 304 - "http://localhost:3000/" "Mozilla/5.0 (Windows NT 10.0; Win64; x64) AppleWebKit/537.36 (KHTML, like Gecko) Chrome/100.0.4896.88 Safari/537.36"
::1 - - [17/Apr/2022:09:40:13 +0000] "GET /api/v1/books/6229bc65855f9d7d045c8fd1 HTTP/1.1" 304 - "http://localhost:3000/" "Mozilla/5.0 (Windows NT 10.0; Win64; x64) AppleWebKit/537.36 (KHTML, like Gecko) Chrome/100.0.4896.88 Safari/537.36"
::1 - - [17/Apr/2022:09:40:15 +0000] "GET /api/v1/books?limit=40 HTTP/1.1" 304 - "http://localhost:3000/" "Mozilla/5.0 (Windows NT 10.0; Win64; x64) AppleWebKit/537.36 (KHTML, like Gecko) Chrome/100.0.4896.88 Safari/537.36"
::1 - - [17/Apr/2022:09:41:08 +0000] "GET /api/v1/books?limit=40 HTTP/1.1" 304 - "http://localhost:3000/" "Mozilla/5.0 (Windows NT 10.0; Win64; x64) AppleWebKit/537.36 (KHTML, like Gecko) Chrome/100.0.4896.88 Safari/537.36"
::1 - - [17/Apr/2022:09:41:14 +0000] "GET /api/v1/books?limit=40 HTTP/1.1" 304 - "http://localhost:3000/" "Mozilla/5.0 (Windows NT 10.0; Win64; x64) AppleWebKit/537.36 (KHTML, like Gecko) Chrome/100.0.4896.88 Safari/537.36"
::1 - - [17/Apr/2022:09:41:16 +0000] "GET /api/v1/books/6229bc65855f9d7d045c8fd4 HTTP/1.1" 200 713 "http://localhost:3000/" "Mozilla/5.0 (Windows NT 10.0; Win64; x64) AppleWebKit/537.36 (KHTML, like Gecko) Chrome/100.0.4896.88 Safari/537.36"
::1 - - [17/Apr/2022:09:41:27 +0000] "PUT /api/v1/books/6229bc65855f9d7d045c8fd4 HTTP/1.1" 200 644 "http://localhost:3000/" "Mozilla/5.0 (Windows NT 10.0; Win64; x64) AppleWebKit/537.36 (KHTML, like Gecko) Chrome/100.0.4896.88 Safari/537.36"
::1 - - [17/Apr/2022:09:46:24 +0000] "POST /api/v1/users/login HTTP/1.1" 200 569 "-" "PostmanRuntime/7.29.0"
::1 - - [17/Apr/2022:09:47:05 +0000] "GET /api/v1/users/logout HTTP/1.1" 200 37 "-" "PostmanRuntime/7.29.0"
::1 - - [17/Apr/2022:09:47:28 +0000] "POST /api/v1/users/login HTTP/1.1" 200 569 "http://localhost:3000/" "Mozilla/5.0 (Windows NT 10.0; Win64; x64) AppleWebKit/537.36 (KHTML, like Gecko) Chrome/100.0.4896.88 Safari/537.36"
::1 - - [17/Apr/2022:09:47:28 +0000] "GET /api/v1/books?limit=40 HTTP/1.1" 200 5599 "http://localhost:3000/" "Mozilla/5.0 (Windows NT 10.0; Win64; x64) AppleWebKit/537.36 (KHTML, like Gecko) Chrome/100.0.4896.88 Safari/537.36"
::1 - - [17/Apr/2022:09:47:29 +0000] "GET /api/v1/books/6229bc65855f9d7d045c8fce HTTP/1.1" 200 875 "http://localhost:3000/" "Mozilla/5.0 (Windows NT 10.0; Win64; x64) AppleWebKit/537.36 (KHTML, like Gecko) Chrome/100.0.4896.88 Safari/537.36"
::1 - - [17/Apr/2022:09:47:35 +0000] "PUT /api/v1/books/6229bc65855f9d7d045c8fce HTTP/1.1" 401 144 "http://localhost:3000/" "Mozilla/5.0 (Windows NT 10.0; Win64; x64) AppleWebKit/537.36 (KHTML, like Gecko) Chrome/100.0.4896.88 Safari/537.36"
::1 - - [17/Apr/2022:10:07:32 +0000] "GET /api/v1/books?limit=40 HTTP/1.1" 304 - "http://localhost:3000/" "Mozilla/5.0 (Windows NT 10.0; Win64; x64) AppleWebKit/537.36 (KHTML, like Gecko) Chrome/100.0.4896.88 Safari/537.36"
::1 - - [17/Apr/2022:10:07:33 +0000] "GET /api/v1/books/6229bc65855f9d7d045c8fd1 HTTP/1.1" 304 - "http://localhost:3000/" "Mozilla/5.0 (Windows NT 10.0; Win64; x64) AppleWebKit/537.36 (KHTML, like Gecko) Chrome/100.0.4896.88 Safari/537.36"
::1 - - [17/Apr/2022:10:07:35 +0000] "GET /api/v1/books?limit=40 HTTP/1.1" 304 - "http://localhost:3000/" "Mozilla/5.0 (Windows NT 10.0; Win64; x64) AppleWebKit/537.36 (KHTML, like Gecko) Chrome/100.0.4896.88 Safari/537.36"
::1 - - [17/Apr/2022:10:07:36 +0000] "GET /api/v1/users/logout HTTP/1.1" 200 37 "http://localhost:3000/" "Mozilla/5.0 (Windows NT 10.0; Win64; x64) AppleWebKit/537.36 (KHTML, like Gecko) Chrome/100.0.4896.88 Safari/537.36"
::1 - - [17/Apr/2022:10:09:01 +0000] "POST /api/v1/users/login HTTP/1.1" 200 569 "http://localhost:3000/" "Mozilla/5.0 (Windows NT 10.0; Win64; x64) AppleWebKit/537.36 (KHTML, like Gecko) Chrome/100.0.4896.88 Safari/537.36"
::1 - - [17/Apr/2022:10:09:02 +0000] "GET /api/v1/books?limit=40 HTTP/1.1" 304 - "http://localhost:3000/" "Mozilla/5.0 (Windows NT 10.0; Win64; x64) AppleWebKit/537.36 (KHTML, like Gecko) Chrome/100.0.4896.88 Safari/537.36"
::1 - - [17/Apr/2022:10:10:24 +0000] "GET /api/v1/users/logout HTTP/1.1" 304 - "http://localhost:3000/" "Mozilla/5.0 (Windows NT 10.0; Win64; x64) AppleWebKit/537.36 (KHTML, like Gecko) Chrome/100.0.4896.88 Safari/537.36"
::1 - - [17/Apr/2022:10:21:51 +0000] "POST /api/v1/users/login HTTP/1.1" 200 569 "http://localhost:3000/" "Mozilla/5.0 (Windows NT 10.0; Win64; x64) AppleWebKit/537.36 (KHTML, like Gecko) Chrome/100.0.4896.88 Safari/537.36"
::1 - - [17/Apr/2022:10:21:51 +0000] "GET /api/v1/books?limit=40 HTTP/1.1" 304 - "http://localhost:3000/" "Mozilla/5.0 (Windows NT 10.0; Win64; x64) AppleWebKit/537.36 (KHTML, like Gecko) Chrome/100.0.4896.88 Safari/537.36"
::1 - - [17/Apr/2022:10:22:03 +0000] "GET /api/v1/books?limit=40 HTTP/1.1" 304 - "http://localhost:3000/" "Mozilla/5.0 (Windows NT 10.0; Win64; x64) AppleWebKit/537.36 (KHTML, like Gecko) Chrome/100.0.4896.88 Safari/537.36"
::1 - - [17/Apr/2022:10:22:04 +0000] "GET /api/v1/users/logout HTTP/1.1" 304 - "http://localhost:3000/" "Mozilla/5.0 (Windows NT 10.0; Win64; x64) AppleWebKit/537.36 (KHTML, like Gecko) Chrome/100.0.4896.88 Safari/537.36"
::1 - - [17/Apr/2022:10:22:10 +0000] "POST /api/v1/users/login HTTP/1.1" 200 569 "http://localhost:3000/" "Mozilla/5.0 (Windows NT 10.0; Win64; x64) AppleWebKit/537.36 (KHTML, like Gecko) Chrome/100.0.4896.88 Safari/537.36"
::1 - - [17/Apr/2022:10:22:10 +0000] "GET /api/v1/books?limit=40 HTTP/1.1" 304 - "http://localhost:3000/" "Mozilla/5.0 (Windows NT 10.0; Win64; x64) AppleWebKit/537.36 (KHTML, like Gecko) Chrome/100.0.4896.88 Safari/537.36"
::1 - - [17/Apr/2022:10:22:15 +0000] "GET /api/v1/books?limit=40 HTTP/1.1" 304 - "http://localhost:3000/" "Mozilla/5.0 (Windows NT 10.0; Win64; x64) AppleWebKit/537.36 (KHTML, like Gecko) Chrome/100.0.4896.88 Safari/537.36"
::1 - - [17/Apr/2022:10:22:16 +0000] "GET /api/v1/users/logout HTTP/1.1" 304 - "http://localhost:3000/" "Mozilla/5.0 (Windows NT 10.0; Win64; x64) AppleWebKit/537.36 (KHTML, like Gecko) Chrome/100.0.4896.88 Safari/537.36"
::1 - - [17/Apr/2022:10:56:03 +0000] "GET /api/v1/users/logout HTTP/1.1" 200 37 "-" "PostmanRuntime/7.29.0"
::1 - - [17/Apr/2022:10:56:12 +0000] "POST /api/v1/users/login HTTP/1.1" 200 569 "-" "PostmanRuntime/7.29.0"
::1 - - [17/Apr/2022:10:56:46 +0000] "POST /api/v1/users/login HTTP/1.1" 500 229 "-" "PostmanRuntime/7.29.0"
::1 - - [17/Apr/2022:12:10:40 +0000] "GET /api/v1/books?limit=20 HTTP/1.1" 200 5599 "-" "PostmanRuntime/7.29.0"
::1 - - [17/Apr/2022:12:23:21 +0000] "POST /api/v1/books HTTP/1.1" 500 80 "-" "PostmanRuntime/7.29.0"
::1 - - [17/Apr/2022:12:23:25 +0000] "POST /api/v1/users/login HTTP/1.1" 500 229 "-" "PostmanRuntime/7.29.0"
::1 - - [17/Apr/2022:12:23:35 +0000] "POST /api/v1/users/login HTTP/1.1" 400 89 "-" "PostmanRuntime/7.29.0"
::1 - - [17/Apr/2022:12:23:42 +0000] "POST /api/v1/users/login HTTP/1.1" 200 569 "-" "PostmanRuntime/7.29.0"
::1 - - [17/Apr/2022:12:23:46 +0000] "POST /api/v1/books HTTP/1.1" 200 689 "-" "PostmanRuntime/7.29.0"
::1 - - [17/Apr/2022:13:20:24 +0000] "POST /api/v1/books HTTP/1.1" 200 689 "-" "PostmanRuntime/7.29.0"
::1 - - [17/Apr/2022:13:20:25 +0000] "POST /api/v1/books HTTP/1.1" 200 689 "-" "PostmanRuntime/7.29.0"
::1 - - [17/Apr/2022:13:20:27 +0000] "POST /api/v1/books HTTP/1.1" 200 689 "-" "PostmanRuntime/7.29.0"
