::1 - - [03/Mar/2022:16:09:59 +0000] "GET /api/v1/categories HTTP/1.1" 200 1399 "-" "PostmanRuntime/7.29.0"
::1 - - [03/Mar/2022:16:10:09 +0000] "GET /api/v1/categories/621df94a67ecd3385423f891 HTTP/1.1" 200 1507 "-" "PostmanRuntime/7.29.0"
::1 - - [04/Mar/2022:03:39:41 +0000] "GET /api/v1/categories HTTP/1.1" 200 1399 "-" "PostmanRuntime/7.29.0"
::1 - - [04/Mar/2022:03:40:13 +0000] "GET /api/v1/categories HTTP/1.1" 200 1399 "-" "PostmanRuntime/7.29.0"
::1 - - [04/Mar/2022:03:40:51 +0000] "GET /api/v1/categories HTTP/1.1" 200 1409 "-" "PostmanRuntime/7.29.0"
::1 - - [04/Mar/2022:03:40:59 +0000] "GET /api/v1/books HTTP/1.1" 200 8205 "-" "PostmanRuntime/7.29.0"
::1 - - [04/Mar/2022:03:41:07 +0000] "GET /api/v1/categories/621df94a67ecd3385423f891/books HTTP/1.1" 200 1259 "-" "PostmanRuntime/7.29.0"
::1 - - [04/Mar/2022:03:41:14 +0000] "DELETE /api/v1/categories/621df94a67ecd3385423f891 HTTP/1.1" 200 275 "-" "PostmanRuntime/7.29.0"
::1 - - [04/Mar/2022:03:41:33 +0000] "GET /api/v1/books HTTP/1.1" 200 6747 "-" "PostmanRuntime/7.29.0"
::1 - - [04/Mar/2022:03:41:36 +0000] "GET /api/v1/categories/621df94a67ecd3385423f891/books HTTP/1.1" 200 36 "-" "PostmanRuntime/7.29.0"
::1 - - [04/Mar/2022:03:43:43 +0000] "GET /api/v1/categories HTTP/1.1" 200 1159 "-" "PostmanRuntime/7.29.0"
::1 - - [04/Mar/2022:03:43:52 +0000] "DELETE /api/v1/categories/621e4e451c30586c24f38da7 HTTP/1.1" 200 283 "-" "PostmanRuntime/7.29.0"
::1 - - [04/Mar/2022:03:43:55 +0000] "GET /api/v1/categories HTTP/1.1" 200 901 "-" "PostmanRuntime/7.29.0"
::1 - - [04/Mar/2022:03:43:59 +0000] "GET /api/v1/books HTTP/1.1" 200 4848 "-" "PostmanRuntime/7.29.0"
::1 - - [04/Mar/2022:03:46:41 +0000] "GET /api/v1/books HTTP/1.1" 200 8202 "-" "PostmanRuntime/7.29.0"
::1 - - [04/Mar/2022:03:46:45 +0000] "GET /api/v1/categories HTTP/1.1" 200 1406 "-" "PostmanRuntime/7.29.0"
::1 - - [04/Mar/2022:03:52:56 +0000] "GET /api/v1/books HTTP/1.1" 200 8202 "-" "PostmanRuntime/7.29.0"
::1 - - [04/Mar/2022:03:53:05 +0000] "GET /api/v1/books/62218b126ac98f1be8bed6a3 HTTP/1.1" 200 714 "-" "PostmanRuntime/7.29.0"
::1 - - [04/Mar/2022:03:53:30 +0000] "GET /api/v1/books/62218b126ac98f1be8bed6a3 HTTP/1.1" 200 714 "-" "PostmanRuntime/7.29.0"
::1 - - [04/Mar/2022:03:53:43 +0000] "GET /api/v1/books/62218b126ac98f1be8bed6a3 HTTP/1.1" 200 727 "-" "PostmanRuntime/7.29.0"
::1 - - [04/Mar/2022:03:53:53 +0000] "GET /api/v1/books/62218b126ac98f1be8bed6a3 HTTP/1.1" 200 714 "-" "PostmanRuntime/7.29.0"
::1 - - [04/Mar/2022:03:54:37 +0000] "GET /api/v1/books/62218b126ac98f1be8bed6a3 HTTP/1.1" 200 714 "-" "PostmanRuntime/7.29.0"
::1 - - [04/Mar/2022:03:54:54 +0000] "GET /api/v1/books HTTP/1.1" 200 8202 "-" "PostmanRuntime/7.29.0"
::1 - - [04/Mar/2022:04:02:36 +0000] "POST /api/v1/books HTTP/1.1" 200 627 "-" "PostmanRuntime/7.29.0"
::1 - - [04/Mar/2022:04:03:06 +0000] "GET /api/v1/books HTTP/1.1" 200 8943 "-" "PostmanRuntime/7.29.0"
::1 - - [04/Mar/2022:04:03:29 +0000] "GET /api/v1/categories/621e4e2c1c30586c24f38da5 HTTP/1.1" 200 2594 "-" "PostmanRuntime/7.29.0"
::1 - - [04/Mar/2022:04:03:53 +0000] "GET /api/v1/books HTTP/1.1" 200 8943 "-" "PostmanRuntime/7.29.0"
::1 - - [04/Mar/2022:04:05:21 +0000] "POST /api/v1/books HTTP/1.1" 404 44 "-" "PostmanRuntime/7.29.0"
::1 - - [04/Mar/2022:04:32:29 +0000] "POST /api/v1/books HTTP/1.1" 404 44 "-" "PostmanRuntime/7.29.0"
::1 - - [04/Mar/2022:04:32:42 +0000] "GET /api/v1/books HTTP/1.1" 200 8943 "-" "PostmanRuntime/7.29.0"
::1 - - [04/Mar/2022:04:33:54 +0000] "GET /api/v1/books/62218b126ac98f1be8bed6a3 HTTP/1.1" 200 714 "-" "PostmanRuntime/7.29.0"
::1 - - [04/Mar/2022:04:39:59 +0000] "GET /api/v1/books/62218b126ac98f1be8bed6a3 HTTP/1.1" 200 714 "-" "PostmanRuntime/7.29.0"
::1 - - [04/Mar/2022:04:40:08 +0000] "DELETE /api/v1/books/62218b126ac98f1be8bed6a3 HTTP/1.1" 200 714 "-" "PostmanRuntime/7.29.0"
::1 - - [04/Mar/2022:04:40:36 +0000] "GET /api/v1/books/62218b126ac98f1be8bed6a3 HTTP/1.1" 404 44 "-" "PostmanRuntime/7.29.0"
::1 - - [04/Mar/2022:04:40:42 +0000] "GET /api/v1/books HTTP/1.1" 200 8135 "-" "PostmanRuntime/7.29.0"
::1 - - [04/Mar/2022:04:41:50 +0000] "GET /api/v1/books/62218b126ac98f1be8bed6a3 HTTP/1.1" 404 44 "-" "PostmanRuntime/7.29.0"
::1 - - [04/Mar/2022:04:41:53 +0000] "GET /api/v1/books HTTP/1.1" 200 8135 "-" "PostmanRuntime/7.29.0"
::1 - - [04/Mar/2022:04:43:01 +0000] "GET /api/v1/books HTTP/1.1" 200 8135 "-" "PostmanRuntime/7.29.0"
::1 - - [04/Mar/2022:04:43:08 +0000] "GET /api/v1/books/62218b126ac98f1be8bed6a2 HTTP/1.1" 200 556 "-" "PostmanRuntime/7.29.0"
::1 - - [04/Mar/2022:05:44:06 +0000] "GET /api/v1/books HTTP/1.1" 200 8135 "-" "PostmanRuntime/7.29.0"
::1 - - [04/Mar/2022:05:44:14 +0000] "GET /api/v1/books/62218b126ac98f1be8bed6a2 HTTP/1.1" 200 556 "-" "PostmanRuntime/7.29.0"
::1 - - [04/Mar/2022:05:44:25 +0000] "PUT /api/v1/books/62218b126ac98f1be8bed6a2 HTTP/1.1" 200 662 "-" "PostmanRuntime/7.29.0"
::1 - - [04/Mar/2022:05:44:33 +0000] "GET /api/v1/books/62218b126ac98f1be8bed6a2 HTTP/1.1" 200 660 "-" "PostmanRuntime/7.29.0"
::1 - - [04/Mar/2022:11:45:33 +0000] "GET /api/v1/books HTTP/1.1" 200 8100 "-" "PostmanRuntime/7.29.0"
::1 - - [04/Mar/2022:12:25:01 +0000] "GET /api/v1/categories HTTP/1.1" 200 1408 "-" "PostmanRuntime/7.29.0"
::1 - - [04/Mar/2022:12:25:05 +0000] "GET /api/v1/books HTTP/1.1" 200 36 "-" "PostmanRuntime/7.29.0"
::1 - - [04/Mar/2022:12:25:25 +0000] "POST /api/v1/books HTTP/1.1" 200 627 "-" "PostmanRuntime/7.29.0"
::1 - - [04/Mar/2022:12:26:31 +0000] "POST /api/v1/books HTTP/1.1" 200 629 "-" "PostmanRuntime/7.29.0"
::1 - - [04/Mar/2022:12:35:16 +0000] "GET /api/v1/books HTTP/1.1" 200 36 "-" "PostmanRuntime/7.29.0"
::1 - - [04/Mar/2022:12:35:19 +0000] "GET /api/v1/categories HTTP/1.1" 200 1302 "-" "PostmanRuntime/7.29.0"
::1 - - [04/Mar/2022:12:35:46 +0000] "POST /api/v1/books HTTP/1.1" 200 629 "-" "PostmanRuntime/7.29.0"
::1 - - [04/Mar/2022:12:35:49 +0000] "GET /api/v1/categories HTTP/1.1" 200 1302 "-" "PostmanRuntime/7.29.0"
::1 - - [04/Mar/2022:12:36:36 +0000] "GET /api/v1/categories/621df94a67ecd3385423f891 HTTP/1.1" 200 868 "-" "PostmanRuntime/7.29.0"
::1 - - [04/Mar/2022:12:44:41 +0000] "GET /api/v1/categories/621df94a67ecd3385423f891 HTTP/1.1" 200 868 "-" "PostmanRuntime/7.29.0"
::1 - - [04/Mar/2022:12:46:04 +0000] "GET /api/v1/categories HTTP/1.1" 200 1302 "-" "PostmanRuntime/7.29.0"
::1 - - [04/Mar/2022:12:46:12 +0000] "GET /api/v1/categories/621df94a67ecd3385423f891 HTTP/1.1" 200 868 "-" "PostmanRuntime/7.29.0"
::1 - - [04/Mar/2022:12:46:24 +0000] "GET /api/v1/categories/621e4e451c30586c24f38da7 HTTP/1.1" 200 271 "-" "PostmanRuntime/7.29.0"
::1 - - [04/Mar/2022:12:46:45 +0000] "POST /api/v1/books HTTP/1.1" 200 629 "-" "PostmanRuntime/7.29.0"
::1 - - [04/Mar/2022:12:46:48 +0000] "GET /api/v1/categories/621e4e451c30586c24f38da7 HTTP/1.1" 200 895 "-" "PostmanRuntime/7.29.0"
::1 - - [04/Mar/2022:12:47:46 +0000] "GET /api/v1/categories/621e4e451c30586c24f38da7 HTTP/1.1" 200 895 "-" "PostmanRuntime/7.29.0"
::1 - - [04/Mar/2022:12:47:55 +0000] "POST /api/v1/books HTTP/1.1" 200 630 "-" "PostmanRuntime/7.29.0"
::1 - - [04/Mar/2022:12:48:00 +0000] "GET /api/v1/categories/621e4e451c30586c24f38da7 HTTP/1.1" 200 1502 "-" "PostmanRuntime/7.29.0"
::1 - - [04/Mar/2022:12:48:56 +0000] "POST /api/v1/books HTTP/1.1" 200 629 "-" "PostmanRuntime/7.29.0"
::1 - - [04/Mar/2022:12:48:58 +0000] "GET /api/v1/categories/621e4e451c30586c24f38da7 HTTP/1.1" 200 2108 "-" "PostmanRuntime/7.29.0"
::1 - - [04/Mar/2022:12:49:31 +0000] "DELETE /api/v1/books/62220ab8f417aa527e0e5aec HTTP/1.1" 200 629 "-" "PostmanRuntime/7.29.0"
::1 - - [04/Mar/2022:12:49:51 +0000] "GET /api/v1/categories/621e4e451c30586c24f38da7 HTTP/1.1" 200 1502 "-" "PostmanRuntime/7.29.0"
::1 - - [04/Mar/2022:12:49:56 +0000] "GET /api/v1/books HTTP/1.1" 200 2192 "-" "PostmanRuntime/7.29.0"
::1 - - [04/Mar/2022:12:50:01 +0000] "GET /api/v1/books HTTP/1.1" 200 2192 "-" "PostmanRuntime/7.29.0"
::1 - - [04/Mar/2022:13:03:51 +0000] "GET /api/v1/books/62218b126ac98f1be8bed6a2 HTTP/1.1" 404 44 "-" "PostmanRuntime/7.29.0"
::1 - - [04/Mar/2022:13:06:29 +0000] "GET /api/v1/books HTTP/1.1" 200 2192 "-" "PostmanRuntime/7.29.0"
::1 - - [04/Mar/2022:13:06:37 +0000] "GET /api/v1/books/622207a24d2d633b9b08ff9c HTTP/1.1" 200 629 "-" "PostmanRuntime/7.29.0"
::1 - - [04/Mar/2022:13:07:23 +0000] "GET /api/v1/books/622207a24d2d633b9b08ff9c HTTP/1.1" 200 702 "-" "PostmanRuntime/7.29.0"
::1 - - [04/Mar/2022:13:08:56 +0000] "GET /api/v1/books/622207a24d2d633b9b08ff9c HTTP/1.1" 200 702 "-" "PostmanRuntime/7.29.0"
::1 - - [04/Mar/2022:13:09:06 +0000] "GET /api/v1/books/621e4e7f1c30586c24f38da9 HTTP/1.1" 404 44 "-" "PostmanRuntime/7.29.0"
